c:\users\涂经纬\source\repos1\tucalendar\tucalendar\debug\tucalendar.pch
c:\users\涂经纬\source\repos1\tucalendar\tucalendar\debug\vc141.pdb
c:\users\涂经纬\source\repos1\tucalendar\tucalendar\debug\vc141.idb
c:\users\涂经纬\source\repos1\tucalendar\tucalendar\debug\pch.obj
c:\users\涂经纬\source\repos1\tucalendar\tucalendar\debug\xamltypeinfo.impl.g.obj
c:\users\涂经纬\source\repos1\tucalendar\tucalendar\debug\mainpage.xaml.obj
c:\users\涂经纬\source\repos1\tucalendar\tucalendar\debug\app.xaml.obj
c:\users\涂经纬\source\repos1\tucalendar\tucalendar\debug\lunar.obj
c:\users\涂经纬\source\repos1\tucalendar\tucalendar\debug\weekview.xaml.obj
c:\users\涂经纬\source\repos1\tucalendar\tucalendar\debug\monthview.xaml.obj
c:\users\涂经纬\source\repos1\tucalendar\tucalendar\debug\welcomepage.xaml.obj
c:\users\涂经纬\source\repos1\tucalendar\tucalendar\debug\xamltypeinfo.g.obj
f:\baiduyun\备份\tucalendar\tucalendar\debug\tucalendar.pch
f:\baiduyun\备份\tucalendar\tucalendar\debug\vc141.pdb
f:\baiduyun\备份\tucalendar\tucalendar\debug\vc141.idb
f:\baiduyun\备份\tucalendar\tucalendar\debug\pch.obj
f:\baiduyun\备份\tucalendar\tucalendar\debug\app.xaml.obj
f:\baiduyun\备份\tucalendar\tucalendar\debug\monthview.xaml.obj
f:\baiduyun\备份\tucalendar\tucalendar\debug\weekview.xaml.obj
f:\baiduyun\备份\tucalendar\tucalendar\debug\xamltypeinfo.impl.g.obj
f:\baiduyun\备份\tucalendar\tucalendar\debug\lunar.obj
f:\baiduyun\备份\tucalendar\tucalendar\debug\mainpage.xaml.obj
f:\baiduyun\备份\tucalendar\tucalendar\debug\welcomepage.xaml.obj
f:\baiduyun\备份\tucalendar\tucalendar\debug\xamltypeinfo.g.obj
c:\users\涂经纬\source\repos1\tucalendar\debug\tucalendar\tucalendar.winmd
c:\users\涂经纬\source\repos1\tucalendar\tucalendar\debug\tucalendar.tlog\tucalendar.winmd.lastbuild
c:\users\涂经纬\source\repos1\tucalendar\debug\tucalendar\tucalendar.exe
c:\users\涂经纬\source\repos1\tucalendar\debug\tucalendar\tucalendar.ilk
c:\users\涂经纬\source\repos1\tucalendar\debug\tucalendar\tucalendar.pdb
f:\baiduyun\备份\tucalendar\tucalendar\debug\tucalendar.tlog\tucalendar.winmd.lastbuild
f:\baiduyun\备份\tucalendar\debug\tucalendar\tucalendar.ilk
f:\baiduyun\备份\tucalendar\debug\tucalendar\tucalendar.exe
f:\baiduyun\备份\tucalendar\debug\tucalendar\tucalendar.pdb
c:\users\涂经纬\source\repos1\tucalendar\debug\tucalendar\tucalendar.lib
c:\users\涂经纬\source\repos1\tucalendar\debug\tucalendar\tucalendar.exp
c:\users\涂经纬\source\repos1\tucalendar\tucalendar\debug\tucalendar.vcxprojassemblyreference.cache
c:\users\涂经纬\source\repos1\tucalendar\tucalendar\generated files\app.g.h
c:\users\涂经纬\source\repos1\tucalendar\tucalendar\generated files\mainpage.g.h
c:\users\涂经纬\source\repos1\tucalendar\tucalendar\generated files\monthview.g.h
c:\users\涂经纬\source\repos1\tucalendar\tucalendar\generated files\weekview.g.h
c:\users\涂经纬\source\repos1\tucalendar\tucalendar\generated files\welcomepage.g.h
c:\users\涂经纬\source\repos1\tucalendar\tucalendar\generated files\xamllibmetadataprovider.g.cpp
c:\users\涂经纬\source\repos1\tucalendar\tucalendar\generated files\xamltypeinfo.impl.g.cpp
c:\users\涂经纬\source\repos1\tucalendar\tucalendar\generated files\app.xaml
c:\users\涂经纬\source\repos1\tucalendar\tucalendar\generated files\mainpage.xaml
c:\users\涂经纬\source\repos1\tucalendar\tucalendar\generated files\monthview.xaml
c:\users\涂经纬\source\repos1\tucalendar\tucalendar\generated files\weekview.xaml
c:\users\涂经纬\source\repos1\tucalendar\tucalendar\generated files\welcomepage.xaml
c:\users\涂经纬\source\repos1\tucalendar\tucalendar\generated files\app.xbf
c:\users\涂经纬\source\repos1\tucalendar\tucalendar\generated files\mainpage.xbf
c:\users\涂经纬\source\repos1\tucalendar\tucalendar\generated files\monthview.xbf
c:\users\涂经纬\source\repos1\tucalendar\tucalendar\generated files\weekview.xbf
c:\users\涂经纬\source\repos1\tucalendar\tucalendar\generated files\welcomepage.xbf
c:\users\涂经纬\source\repos1\tucalendar\tucalendar\debug\xamlsavestatefile.xml
c:\users\涂经纬\source\repos1\tucalendar\tucalendar\generated files\xamltypeinfo.g.cpp
c:\users\涂经纬\source\repos1\tucalendar\debug\tucalendar\app.xbf
c:\users\涂经纬\source\repos1\tucalendar\debug\tucalendar\mainpage.xbf
c:\users\涂经纬\source\repos1\tucalendar\debug\tucalendar\monthview.xbf
c:\users\涂经纬\source\repos1\tucalendar\debug\tucalendar\weekview.xbf
c:\users\涂经纬\source\repos1\tucalendar\debug\tucalendar\welcomepage.xbf
c:\users\涂经纬\source\repos1\tucalendar\tucalendar\debug\resourcehandlingtask.state
c:\users\涂经纬\source\repos1\tucalendar\tucalendar\debug\tucalendar.vcxproj.generateresource.cache
c:\users\涂经纬\source\repos1\tucalendar\tucalendar\debug\priconfig.xml
c:\users\涂经纬\source\repos1\tucalendar\tucalendar\debug\priconfig.xml.intermediate
c:\users\涂经纬\source\repos1\tucalendar\tucalendar\debug\unfiltered.layout.resfiles
c:\users\涂经纬\source\repos1\tucalendar\tucalendar\debug\unfiltered.layout.resfiles.intermediate
c:\users\涂经纬\source\repos1\tucalendar\tucalendar\debug\filtered.layout.resfiles
c:\users\涂经纬\source\repos1\tucalendar\tucalendar\debug\filtered.layout.resfiles.intermediate
c:\users\涂经纬\source\repos1\tucalendar\tucalendar\debug\excluded.layout.resfiles
c:\users\涂经纬\source\repos1\tucalendar\tucalendar\debug\excluded.layout.resfiles.intermediate
c:\users\涂经纬\source\repos1\tucalendar\tucalendar\debug\resources.resfiles
c:\users\涂经纬\source\repos1\tucalendar\tucalendar\debug\resources.resfiles.intermediate
c:\users\涂经纬\source\repos1\tucalendar\tucalendar\debug\pri.resfiles
c:\users\涂经纬\source\repos1\tucalendar\tucalendar\debug\pri.resfiles.intermediate
c:\users\涂经纬\source\repos1\tucalendar\debug\tucalendar\resources.pri
c:\users\涂经纬\source\repos1\tucalendar\tucalendar\debug\qualifiers.txt
c:\users\涂经纬\source\repos1\tucalendar\tucalendar\debug\qualifiers.txt.intermediate
c:\users\涂经纬\source\repos1\tucalendar\tucalendar\debug\multiplequalifiersperdimensionfound.txt
c:\users\涂经纬\source\repos1\tucalendar\tucalendar\debug\projectarchitectures.txt
c:\users\涂经纬\source\repos1\tucalendar\debug\tucalendar\appxmanifest.xml
c:\users\涂经纬\source\repos1\tucalendar\debug\tucalendar\tucalendar.build.appxrecipe
f:\baiduyun\备份\tucalendar\debug\tucalendar\tucalendar.winmd
f:\baiduyun\备份\tucalendar\debug\tucalendar\tucalendar.lib
f:\baiduyun\备份\tucalendar\debug\tucalendar\tucalendar.exp
f:\baiduyun\备份\tucalendar\tucalendar\debug\tucalendar.vcxprojassemblyreference.cache
f:\baiduyun\备份\tucalendar\tucalendar\generated files\app.g.h
f:\baiduyun\备份\tucalendar\tucalendar\generated files\mainpage.g.h
f:\baiduyun\备份\tucalendar\tucalendar\generated files\monthview.g.h
f:\baiduyun\备份\tucalendar\tucalendar\generated files\weekview.g.h
f:\baiduyun\备份\tucalendar\tucalendar\generated files\welcomepage.g.h
f:\baiduyun\备份\tucalendar\tucalendar\generated files\xamllibmetadataprovider.g.cpp
f:\baiduyun\备份\tucalendar\tucalendar\generated files\xamltypeinfo.impl.g.cpp
f:\baiduyun\备份\tucalendar\tucalendar\generated files\app.xaml
f:\baiduyun\备份\tucalendar\tucalendar\generated files\mainpage.xaml
f:\baiduyun\备份\tucalendar\tucalendar\generated files\monthview.xaml
f:\baiduyun\备份\tucalendar\tucalendar\generated files\weekview.xaml
f:\baiduyun\备份\tucalendar\tucalendar\generated files\welcomepage.xaml
f:\baiduyun\备份\tucalendar\tucalendar\generated files\app.xbf
f:\baiduyun\备份\tucalendar\tucalendar\generated files\mainpage.xbf
f:\baiduyun\备份\tucalendar\tucalendar\generated files\monthview.xbf
f:\baiduyun\备份\tucalendar\tucalendar\generated files\weekview.xbf
f:\baiduyun\备份\tucalendar\tucalendar\generated files\welcomepage.xbf
f:\baiduyun\备份\tucalendar\tucalendar\debug\xamlsavestatefile.xml
f:\baiduyun\备份\tucalendar\tucalendar\generated files\xamltypeinfo.g.cpp
f:\baiduyun\备份\tucalendar\debug\tucalendar\app.xbf
f:\baiduyun\备份\tucalendar\debug\tucalendar\mainpage.xbf
f:\baiduyun\备份\tucalendar\debug\tucalendar\monthview.xbf
f:\baiduyun\备份\tucalendar\debug\tucalendar\weekview.xbf
f:\baiduyun\备份\tucalendar\debug\tucalendar\welcomepage.xbf
f:\baiduyun\备份\tucalendar\tucalendar\debug\resourcehandlingtask.state
f:\baiduyun\备份\tucalendar\tucalendar\debug\tucalendar.vcxproj.generateresource.cache
f:\baiduyun\备份\tucalendar\tucalendar\debug\priconfig.xml
f:\baiduyun\备份\tucalendar\tucalendar\debug\priconfig.xml.intermediate
f:\baiduyun\备份\tucalendar\tucalendar\debug\unfiltered.layout.resfiles
f:\baiduyun\备份\tucalendar\tucalendar\debug\unfiltered.layout.resfiles.intermediate
f:\baiduyun\备份\tucalendar\tucalendar\debug\filtered.layout.resfiles
f:\baiduyun\备份\tucalendar\tucalendar\debug\filtered.layout.resfiles.intermediate
f:\baiduyun\备份\tucalendar\tucalendar\debug\excluded.layout.resfiles
f:\baiduyun\备份\tucalendar\tucalendar\debug\excluded.layout.resfiles.intermediate
f:\baiduyun\备份\tucalendar\tucalendar\debug\resources.resfiles
f:\baiduyun\备份\tucalendar\tucalendar\debug\resources.resfiles.intermediate
f:\baiduyun\备份\tucalendar\tucalendar\debug\pri.resfiles
f:\baiduyun\备份\tucalendar\tucalendar\debug\pri.resfiles.intermediate
f:\baiduyun\备份\tucalendar\debug\tucalendar\resources.pri
f:\baiduyun\备份\tucalendar\tucalendar\debug\qualifiers.txt
f:\baiduyun\备份\tucalendar\tucalendar\debug\qualifiers.txt.intermediate
f:\baiduyun\备份\tucalendar\tucalendar\debug\multiplequalifiersperdimensionfound.txt
f:\baiduyun\备份\tucalendar\tucalendar\debug\projectarchitectures.txt
f:\baiduyun\备份\tucalendar\debug\tucalendar\appxmanifest.xml
f:\baiduyun\备份\tucalendar\debug\tucalendar\tucalendar.build.appxrecipe
f:\baiduyun\备份\tucalendar\tucalendar\debug\tucalendar.tlog\cl.command.1.tlog
f:\baiduyun\备份\tucalendar\tucalendar\debug\tucalendar.tlog\cl.read.1.tlog
f:\baiduyun\备份\tucalendar\tucalendar\debug\tucalendar.tlog\cl.write.1.tlog
f:\baiduyun\备份\tucalendar\tucalendar\debug\tucalendar.tlog\link.command.1.tlog
f:\baiduyun\备份\tucalendar\tucalendar\debug\tucalendar.tlog\link.delete.1.tlog
f:\baiduyun\备份\tucalendar\tucalendar\debug\tucalendar.tlog\link.read.1.tlog
f:\baiduyun\备份\tucalendar\tucalendar\debug\tucalendar.tlog\link.write.1.tlog
f:\baiduyun\备份\tucalendar\tucalendar\debug\tucalendar.tlog\tucalendar.read.1u.tlog
f:\baiduyun\备份\tucalendar\tucalendar\debug\tucalendar.tlog\tucalendar.write.1u.tlog
f:\baiduyun\备份\tucalendar\tucalendar\debug\tucalendar.tlog\xaml.read.1u.tlog
f:\baiduyun\备份\tucalendar\tucalendar\generated files\xamlbindinginfo.g.h
f:\baiduyun\备份\tucalendar\tucalendar\generated files\xamltypeinfo.g.h
